---discriminator 0 ---
_________________________________________________________________
Layer (type)                 Output Shape              Param #   
=================================================================
conv2d_1 (Conv2D)            (None, 14, 14, 32)        320       
_________________________________________________________________
leaky_re_lu_1 (LeakyReLU)    (None, 14, 14, 32)        0         
_________________________________________________________________
dropout_1 (Dropout)          (None, 14, 14, 32)        0         
_________________________________________________________________
conv2d_2 (Conv2D)            (None, 7, 7, 64)          18496     
_________________________________________________________________
zero_padding2d_1 (ZeroPaddin (None, 8, 8, 64)          0         
_________________________________________________________________
batch_normalization_1 (Batch (None, 8, 8, 64)          256       
_________________________________________________________________
leaky_re_lu_2 (LeakyReLU)    (None, 8, 8, 64)          0         
_________________________________________________________________
dropout_2 (Dropout)          (None, 8, 8, 64)          0         
_________________________________________________________________
conv2d_3 (Conv2D)            (None, 4, 4, 128)         73856     
_________________________________________________________________
batch_normalization_2 (Batch (None, 4, 4, 128)         512       
_________________________________________________________________
leaky_re_lu_3 (LeakyReLU)    (None, 4, 4, 128)         0         
_________________________________________________________________
dropout_3 (Dropout)          (None, 4, 4, 128)         0         
_________________________________________________________________
conv2d_4 (Conv2D)            (None, 4, 4, 256)         295168    
_________________________________________________________________
batch_normalization_3 (Batch (None, 4, 4, 256)         1024      
_________________________________________________________________
leaky_re_lu_4 (LeakyReLU)    (None, 4, 4, 256)         0         
_________________________________________________________________
dropout_4 (Dropout)          (None, 4, 4, 256)         0         
_________________________________________________________________
flatten_1 (Flatten)          (None, 4096)              0         
_________________________________________________________________
dense_1 (Dense)              (None, 1)                 4097      
=================================================================
Total params: 393,729
Trainable params: 392,833
Non-trainable params: 896
_________________________________________________________________
---generator 0 ---
_________________________________________________________________
Layer (type)                 Output Shape              Param #   
=================================================================
dense_2 (Dense)              (None, 6272)              633472    
_________________________________________________________________
reshape_1 (Reshape)          (None, 7, 7, 128)         0         
_________________________________________________________________
up_sampling2d_1 (UpSampling2 (None, 14, 14, 128)       0         
_________________________________________________________________
conv2d_5 (Conv2D)            (None, 14, 14, 128)       147584    
_________________________________________________________________
batch_normalization_4 (Batch (None, 14, 14, 128)       512       
_________________________________________________________________
activation_1 (Activation)    (None, 14, 14, 128)       0         
_________________________________________________________________
up_sampling2d_2 (UpSampling2 (None, 28, 28, 128)       0         
_________________________________________________________________
conv2d_6 (Conv2D)            (None, 28, 28, 64)        73792     
_________________________________________________________________
batch_normalization_5 (Batch (None, 28, 28, 64)        256       
_________________________________________________________________
activation_2 (Activation)    (None, 28, 28, 64)        0         
_________________________________________________________________
conv2d_7 (Conv2D)            (None, 28, 28, 1)         577       
_________________________________________________________________
activation_3 (Activation)    (None, 28, 28, 1)         0         
=================================================================
Total params: 856,193
Trainable params: 855,809
Non-trainable params: 384
_________________________________________________________________
---discriminator 0 ---
_________________________________________________________________
Layer (type)                 Output Shape              Param #   
=================================================================
conv2d_8 (Conv2D)            (None, 14, 14, 32)        320       
_________________________________________________________________
leaky_re_lu_5 (LeakyReLU)    (None, 14, 14, 32)        0         
_________________________________________________________________
dropout_5 (Dropout)          (None, 14, 14, 32)        0         
_________________________________________________________________
conv2d_9 (Conv2D)            (None, 7, 7, 64)          18496     
_________________________________________________________________
zero_padding2d_2 (ZeroPaddin (None, 8, 8, 64)          0         
_________________________________________________________________
batch_normalization_6 (Batch (None, 8, 8, 64)          256       
_________________________________________________________________
leaky_re_lu_6 (LeakyReLU)    (None, 8, 8, 64)          0         
_________________________________________________________________
dropout_6 (Dropout)          (None, 8, 8, 64)          0         
_________________________________________________________________
conv2d_10 (Conv2D)           (None, 4, 4, 128)         73856     
_________________________________________________________________
batch_normalization_7 (Batch (None, 4, 4, 128)         512       
_________________________________________________________________
leaky_re_lu_7 (LeakyReLU)    (None, 4, 4, 128)         0         
_________________________________________________________________
dropout_7 (Dropout)          (None, 4, 4, 128)         0         
_________________________________________________________________
conv2d_11 (Conv2D)           (None, 4, 4, 256)         295168    
_________________________________________________________________
batch_normalization_8 (Batch (None, 4, 4, 256)         1024      
_________________________________________________________________
leaky_re_lu_8 (LeakyReLU)    (None, 4, 4, 256)         0         
_________________________________________________________________
dropout_8 (Dropout)          (None, 4, 4, 256)         0         
_________________________________________________________________
flatten_2 (Flatten)          (None, 4096)              0         
_________________________________________________________________
dense_3 (Dense)              (None, 1)                 4097      
=================================================================
Total params: 393,729
Trainable params: 392,833
Non-trainable params: 896
_________________________________________________________________
_________________________________________________________________
Layer (type)                 Output Shape              Param #   
=================================================================
dense_4 (Dense)              (None, 6272)              4929792   
=================================================================
Total params: 4,929,792
Trainable params: 4,929,792
Non-trainable params: 0
_________________________________________________________________
--- building ith genertor---
_________________________________________________________________
Layer (type)                 Output Shape              Param #   
=================================================================
dense_4 (Dense)              (None, 6272)              4929792   
_________________________________________________________________
reshape_2 (Reshape)          (None, 7, 7, 128)         0         
_________________________________________________________________
up_sampling2d_3 (UpSampling2 (None, 14, 14, 128)       0         
_________________________________________________________________
conv2d_12 (Conv2D)           (None, 14, 14, 128)       147584    
_________________________________________________________________
batch_normalization_9 (Batch (None, 14, 14, 128)       512       
_________________________________________________________________
activation_4 (Activation)    (None, 14, 14, 128)       0         
_________________________________________________________________
up_sampling2d_4 (UpSampling2 (None, 28, 28, 128)       0         
_________________________________________________________________
conv2d_13 (Conv2D)           (None, 28, 28, 64)        73792     
_________________________________________________________________
batch_normalization_10 (Batc (None, 28, 28, 64)        256       
_________________________________________________________________
activation_5 (Activation)    (None, 28, 28, 64)        0         
_________________________________________________________________
conv2d_14 (Conv2D)           (None, 28, 28, 1)         577       
_________________________________________________________________
activation_6 (Activation)    (None, 28, 28, 1)         0         
=================================================================
Total params: 5,152,513
Trainable params: 5,152,129
Non-trainable params: 384
_________________________________________________________________
---discriminator 0 ---
_________________________________________________________________
Layer (type)                 Output Shape              Param #   
=================================================================
conv2d_15 (Conv2D)           (None, 14, 14, 32)        320       
_________________________________________________________________
leaky_re_lu_9 (LeakyReLU)    (None, 14, 14, 32)        0         
_________________________________________________________________
dropout_9 (Dropout)          (None, 14, 14, 32)        0         
_________________________________________________________________
conv2d_16 (Conv2D)           (None, 7, 7, 64)          18496     
_________________________________________________________________
zero_padding2d_3 (ZeroPaddin (None, 8, 8, 64)          0         
_________________________________________________________________
batch_normalization_11 (Batc (None, 8, 8, 64)          256       
_________________________________________________________________
leaky_re_lu_10 (LeakyReLU)   (None, 8, 8, 64)          0         
_________________________________________________________________
dropout_10 (Dropout)         (None, 8, 8, 64)          0         
_________________________________________________________________
conv2d_17 (Conv2D)           (None, 4, 4, 128)         73856     
_________________________________________________________________
batch_normalization_12 (Batc (None, 4, 4, 128)         512       
_________________________________________________________________
leaky_re_lu_11 (LeakyReLU)   (None, 4, 4, 128)         0         
_________________________________________________________________
dropout_11 (Dropout)         (None, 4, 4, 128)         0         
_________________________________________________________________
conv2d_18 (Conv2D)           (None, 4, 4, 256)         295168    
_________________________________________________________________
batch_normalization_13 (Batc (None, 4, 4, 256)         1024      
_________________________________________________________________
leaky_re_lu_12 (LeakyReLU)   (None, 4, 4, 256)         0         
_________________________________________________________________
dropout_12 (Dropout)         (None, 4, 4, 256)         0         
_________________________________________________________________
flatten_3 (Flatten)          (None, 4096)              0         
_________________________________________________________________
dense_5 (Dense)              (None, 1)                 4097      
=================================================================
Total params: 393,729
Trainable params: 392,833
Non-trainable params: 896
_________________________________________________________________
_________________________________________________________________
Layer (type)                 Output Shape              Param #   
=================================================================
dense_6 (Dense)              (None, 6272)              4929792   
=================================================================
Total params: 4,929,792
Trainable params: 4,929,792
Non-trainable params: 0
_________________________________________________________________
--- building ith genertor---
_________________________________________________________________
Layer (type)                 Output Shape              Param #   
=================================================================
dense_6 (Dense)              (None, 6272)              4929792   
_________________________________________________________________
reshape_3 (Reshape)          (None, 7, 7, 128)         0         
_________________________________________________________________
up_sampling2d_5 (UpSampling2 (None, 14, 14, 128)       0         
_________________________________________________________________
conv2d_19 (Conv2D)           (None, 14, 14, 128)       147584    
_________________________________________________________________
batch_normalization_14 (Batc (None, 14, 14, 128)       512       
_________________________________________________________________
activation_7 (Activation)    (None, 14, 14, 128)       0         
_________________________________________________________________
up_sampling2d_6 (UpSampling2 (None, 28, 28, 128)       0         
_________________________________________________________________
conv2d_20 (Conv2D)           (None, 28, 28, 64)        73792     
_________________________________________________________________
batch_normalization_15 (Batc (None, 28, 28, 64)        256       
_________________________________________________________________
activation_8 (Activation)    (None, 28, 28, 64)        0         
_________________________________________________________________
conv2d_21 (Conv2D)           (None, 28, 28, 1)         577       
_________________________________________________________________
activation_9 (Activation)    (None, 28, 28, 1)         0         
=================================================================
Total params: 5,152,513
Trainable params: 5,152,129
Non-trainable params: 384
_________________________________________________________________
---discriminator 0 ---
_________________________________________________________________
Layer (type)                 Output Shape              Param #   
=================================================================
conv2d_22 (Conv2D)           (None, 14, 14, 32)        320       
_________________________________________________________________
leaky_re_lu_13 (LeakyReLU)   (None, 14, 14, 32)        0         
_________________________________________________________________
dropout_13 (Dropout)         (None, 14, 14, 32)        0         
_________________________________________________________________
conv2d_23 (Conv2D)           (None, 7, 7, 64)          18496     
_________________________________________________________________
zero_padding2d_4 (ZeroPaddin (None, 8, 8, 64)          0         
_________________________________________________________________
batch_normalization_16 (Batc (None, 8, 8, 64)          256       
_________________________________________________________________
leaky_re_lu_14 (LeakyReLU)   (None, 8, 8, 64)          0         
_________________________________________________________________
dropout_14 (Dropout)         (None, 8, 8, 64)          0         
_________________________________________________________________
conv2d_24 (Conv2D)           (None, 4, 4, 128)         73856     
_________________________________________________________________
batch_normalization_17 (Batc (None, 4, 4, 128)         512       
_________________________________________________________________
leaky_re_lu_15 (LeakyReLU)   (None, 4, 4, 128)         0         
_________________________________________________________________
dropout_15 (Dropout)         (None, 4, 4, 128)         0         
_________________________________________________________________
conv2d_25 (Conv2D)           (None, 4, 4, 256)         295168    
_________________________________________________________________
batch_normalization_18 (Batc (None, 4, 4, 256)         1024      
_________________________________________________________________
leaky_re_lu_16 (LeakyReLU)   (None, 4, 4, 256)         0         
_________________________________________________________________
dropout_16 (Dropout)         (None, 4, 4, 256)         0         
_________________________________________________________________
flatten_4 (Flatten)          (None, 4096)              0         
_________________________________________________________________
dense_7 (Dense)              (None, 1)                 4097      
=================================================================
Total params: 393,729
Trainable params: 392,833
Non-trainable params: 896
_________________________________________________________________
_________________________________________________________________
Layer (type)                 Output Shape              Param #   
=================================================================
dense_8 (Dense)              (None, 6272)              4929792   
=================================================================
Total params: 4,929,792
Trainable params: 4,929,792
Non-trainable params: 0
_________________________________________________________________
--- building ith genertor---
_________________________________________________________________
Layer (type)                 Output Shape              Param #   
=================================================================
dense_8 (Dense)              (None, 6272)              4929792   
_________________________________________________________________
reshape_4 (Reshape)          (None, 7, 7, 128)         0         
_________________________________________________________________
up_sampling2d_7 (UpSampling2 (None, 14, 14, 128)       0         
_________________________________________________________________
conv2d_26 (Conv2D)           (None, 14, 14, 128)       147584    
_________________________________________________________________
batch_normalization_19 (Batc (None, 14, 14, 128)       512       
_________________________________________________________________
activation_10 (Activation)   (None, 14, 14, 128)       0         
_________________________________________________________________
up_sampling2d_8 (UpSampling2 (None, 28, 28, 128)       0         
_________________________________________________________________
conv2d_27 (Conv2D)           (None, 28, 28, 64)        73792     
_________________________________________________________________
batch_normalization_20 (Batc (None, 28, 28, 64)        256       
_________________________________________________________________
activation_11 (Activation)   (None, 28, 28, 64)        0         
_________________________________________________________________
conv2d_28 (Conv2D)           (None, 28, 28, 1)         577       
_________________________________________________________________
activation_12 (Activation)   (None, 28, 28, 1)         0         
=================================================================
Total params: 5,152,513
Trainable params: 5,152,129
Non-trainable params: 384
_________________________________________________________________
---discriminator 0 ---
_________________________________________________________________
Layer (type)                 Output Shape              Param #   
=================================================================
conv2d_29 (Conv2D)           (None, 14, 14, 32)        320       
_________________________________________________________________
leaky_re_lu_17 (LeakyReLU)   (None, 14, 14, 32)        0         
_________________________________________________________________
dropout_17 (Dropout)         (None, 14, 14, 32)        0         
_________________________________________________________________
conv2d_30 (Conv2D)           (None, 7, 7, 64)          18496     
_________________________________________________________________
zero_padding2d_5 (ZeroPaddin (None, 8, 8, 64)          0         
_________________________________________________________________
batch_normalization_21 (Batc (None, 8, 8, 64)          256       
_________________________________________________________________
leaky_re_lu_18 (LeakyReLU)   (None, 8, 8, 64)          0         
_________________________________________________________________
dropout_18 (Dropout)         (None, 8, 8, 64)          0         
_________________________________________________________________
conv2d_31 (Conv2D)           (None, 4, 4, 128)         73856     
_________________________________________________________________
batch_normalization_22 (Batc (None, 4, 4, 128)         512       
_________________________________________________________________
leaky_re_lu_19 (LeakyReLU)   (None, 4, 4, 128)         0         
_________________________________________________________________
dropout_19 (Dropout)         (None, 4, 4, 128)         0         
_________________________________________________________________
conv2d_32 (Conv2D)           (None, 4, 4, 256)         295168    
_________________________________________________________________
batch_normalization_23 (Batc (None, 4, 4, 256)         1024      
_________________________________________________________________
leaky_re_lu_20 (LeakyReLU)   (None, 4, 4, 256)         0         
_________________________________________________________________
dropout_20 (Dropout)         (None, 4, 4, 256)         0         
_________________________________________________________________
flatten_5 (Flatten)          (None, 4096)              0         
_________________________________________________________________
dense_9 (Dense)              (None, 1)                 4097      
=================================================================
Total params: 393,729
Trainable params: 392,833
Non-trainable params: 896
_________________________________________________________________
_________________________________________________________________
Layer (type)                 Output Shape              Param #   
=================================================================
dense_10 (Dense)             (None, 6272)              4929792   
=================================================================
Total params: 4,929,792
Trainable params: 4,929,792
Non-trainable params: 0
_________________________________________________________________
--- building ith genertor---
_________________________________________________________________
Layer (type)                 Output Shape              Param #   
=================================================================
dense_10 (Dense)             (None, 6272)              4929792   
_________________________________________________________________
reshape_5 (Reshape)          (None, 7, 7, 128)         0         
_________________________________________________________________
up_sampling2d_9 (UpSampling2 (None, 14, 14, 128)       0         
_________________________________________________________________
conv2d_33 (Conv2D)           (None, 14, 14, 128)       147584    
_________________________________________________________________
batch_normalization_24 (Batc (None, 14, 14, 128)       512       
_________________________________________________________________
activation_13 (Activation)   (None, 14, 14, 128)       0         
_________________________________________________________________
up_sampling2d_10 (UpSampling (None, 28, 28, 128)       0         
_________________________________________________________________
conv2d_34 (Conv2D)           (None, 28, 28, 64)        73792     
_________________________________________________________________
batch_normalization_25 (Batc (None, 28, 28, 64)        256       
_________________________________________________________________
activation_14 (Activation)   (None, 28, 28, 64)        0         
_________________________________________________________________
conv2d_35 (Conv2D)           (None, 28, 28, 1)         577       
_________________________________________________________________
activation_15 (Activation)   (None, 28, 28, 1)         0         
=================================================================
Total params: 5,152,513
Trainable params: 5,152,129
Non-trainable params: 384
_________________________________________________________________
---discriminator 0 ---
_________________________________________________________________
Layer (type)                 Output Shape              Param #   
=================================================================
conv2d_36 (Conv2D)           (None, 14, 14, 32)        320       
_________________________________________________________________
leaky_re_lu_21 (LeakyReLU)   (None, 14, 14, 32)        0         
_________________________________________________________________
dropout_21 (Dropout)         (None, 14, 14, 32)        0         
_________________________________________________________________
conv2d_37 (Conv2D)           (None, 7, 7, 64)          18496     
_________________________________________________________________
zero_padding2d_6 (ZeroPaddin (None, 8, 8, 64)          0         
_________________________________________________________________
batch_normalization_26 (Batc (None, 8, 8, 64)          256       
_________________________________________________________________
leaky_re_lu_22 (LeakyReLU)   (None, 8, 8, 64)          0         
_________________________________________________________________
dropout_22 (Dropout)         (None, 8, 8, 64)          0         
_________________________________________________________________
conv2d_38 (Conv2D)           (None, 4, 4, 128)         73856     
_________________________________________________________________
batch_normalization_27 (Batc (None, 4, 4, 128)         512       
_________________________________________________________________
leaky_re_lu_23 (LeakyReLU)   (None, 4, 4, 128)         0         
_________________________________________________________________
dropout_23 (Dropout)         (None, 4, 4, 128)         0         
_________________________________________________________________
conv2d_39 (Conv2D)           (None, 4, 4, 256)         295168    
_________________________________________________________________
batch_normalization_28 (Batc (None, 4, 4, 256)         1024      
_________________________________________________________________
leaky_re_lu_24 (LeakyReLU)   (None, 4, 4, 256)         0         
_________________________________________________________________
dropout_24 (Dropout)         (None, 4, 4, 256)         0         
_________________________________________________________________
flatten_6 (Flatten)          (None, 4096)              0         
_________________________________________________________________
dense_11 (Dense)             (None, 1)                 4097      
=================================================================
Total params: 393,729
Trainable params: 392,833
Non-trainable params: 896
_________________________________________________________________
_________________________________________________________________
Layer (type)                 Output Shape              Param #   
=================================================================
dense_12 (Dense)             (None, 6272)              4929792   
=================================================================
Total params: 4,929,792
Trainable params: 4,929,792
Non-trainable params: 0
_________________________________________________________________
--- building ith genertor---
_________________________________________________________________
Layer (type)                 Output Shape              Param #   
=================================================================
dense_12 (Dense)             (None, 6272)              4929792   
_________________________________________________________________
reshape_6 (Reshape)          (None, 7, 7, 128)         0         
_________________________________________________________________
up_sampling2d_11 (UpSampling (None, 14, 14, 128)       0         
_________________________________________________________________
conv2d_40 (Conv2D)           (None, 14, 14, 128)       147584    
_________________________________________________________________
batch_normalization_29 (Batc (None, 14, 14, 128)       512       
_________________________________________________________________
activation_16 (Activation)   (None, 14, 14, 128)       0         
_________________________________________________________________
up_sampling2d_12 (UpSampling (None, 28, 28, 128)       0         
_________________________________________________________________
conv2d_41 (Conv2D)           (None, 28, 28, 64)        73792     
_________________________________________________________________
batch_normalization_30 (Batc (None, 28, 28, 64)        256       
_________________________________________________________________
activation_17 (Activation)   (None, 28, 28, 64)        0         
_________________________________________________________________
conv2d_42 (Conv2D)           (None, 28, 28, 1)         577       
_________________________________________________________________
activation_18 (Activation)   (None, 28, 28, 1)         0         
=================================================================
Total params: 5,152,513
Trainable params: 5,152,129
Non-trainable params: 384
_________________________________________________________________
0 [D0 loss: 1.157314, acc.: 26.56%] [G0 loss: 1.082347]
0 [D1 loss: 1.408262, acc.: 18.75%] [G1 loss: 1.114339]
0 [D2 loss: 1.238329, acc.: 29.69%] [G2 loss: 1.274693]
0 [D3 loss: 1.108964, acc.: 31.25%] [G3 loss: 1.489615]
0 [D4 loss: 1.668286, acc.: 37.50%] [G4 loss: 1.431561]
0 [D5 loss: 2.003810, acc.: 29.69%] [G5 loss: 0.892082]
1 [D0 loss: 0.573459, acc.: 75.00%] [G0 loss: 1.600986]
1 [D1 loss: 0.505876, acc.: 73.44%] [G1 loss: 0.961412]
1 [D2 loss: 0.632529, acc.: 67.19%] [G2 loss: 0.813044]
1 [D3 loss: 0.542264, acc.: 73.44%] [G3 loss: 2.545618]
1 [D4 loss: 0.831734, acc.: 56.25%] [G4 loss: 2.163797]
1 [D5 loss: 1.435399, acc.: 48.44%] [G5 loss: 0.927531]
2 [D0 loss: 0.253193, acc.: 95.31%] [G0 loss: 2.743957]
2 [D1 loss: 0.846271, acc.: 57.81%] [G1 loss: 1.235841]
2 [D2 loss: 1.105982, acc.: 51.56%] [G2 loss: 2.477989]
2 [D3 loss: 0.739422, acc.: 60.94%] [G3 loss: 3.030476]
2 [D4 loss: 1.217119, acc.: 40.62%] [G4 loss: 3.138384]
2 [D5 loss: 1.952632, acc.: 39.06%] [G5 loss: 1.314342]
3 [D0 loss: 0.142492, acc.: 95.31%] [G0 loss: 2.858991]
3 [D1 loss: 0.481056, acc.: 78.12%] [G1 loss: 3.493383]
3 [D2 loss: 0.625124, acc.: 65.62%] [G2 loss: 4.027864]
3 [D3 loss: 0.228302, acc.: 93.75%] [G3 loss: 4.878660]
3 [D4 loss: 0.541486, acc.: 71.88%] [G4 loss: 4.146193]
3 [D5 loss: 0.875062, acc.: 54.69%] [G5 loss: 2.356282]
4 [D0 loss: 0.102617, acc.: 98.44%] [G0 loss: 2.116678]
4 [D1 loss: 1.018327, acc.: 43.75%] [G1 loss: 4.886597]
4 [D2 loss: 0.585823, acc.: 70.31%] [G2 loss: 5.088566]
4 [D3 loss: 0.180744, acc.: 93.75%] [G3 loss: 4.583372]
4 [D4 loss: 1.715127, acc.: 42.19%] [G4 loss: 1.501468]
4 [D5 loss: 1.039188, acc.: 42.19%] [G5 loss: 2.894036]
5 [D0 loss: 0.248445, acc.: 89.06%] [G0 loss: 2.263629]
5 [D1 loss: 1.980015, acc.: 10.94%] [G1 loss: 3.856062]
5 [D2 loss: 0.735546, acc.: 59.38%] [G2 loss: 4.888560]
5 [D3 loss: 0.034344, acc.: 100.00%] [G3 loss: 3.991328]
5 [D4 loss: 1.262148, acc.: 50.00%] [G4 loss: 2.999576]
5 [D5 loss: 1.814945, acc.: 45.31%] [G5 loss: 2.603875]
6 [D0 loss: 1.505153, acc.: 50.00%] [G0 loss: 5.766245]
6 [D1 loss: 1.060196, acc.: 35.94%] [G1 loss: 4.294424]
6 [D2 loss: 0.278357, acc.: 87.50%] [G2 loss: 3.265184]
6 [D3 loss: 2.281870, acc.: 50.00%] [G3 loss: 4.735331]
6 [D4 loss: 0.852381, acc.: 64.06%] [G4 loss: 1.558417]
6 [D5 loss: 1.255401, acc.: 20.31%] [G5 loss: 3.596828]
7 [D0 loss: 1.276798, acc.: 51.56%] [G0 loss: 4.110863]
7 [D1 loss: 1.204177, acc.: 29.69%] [G1 loss: 4.031013]